New connection
Received echo-protocol
New connection
Received echo-protocol
New connection
Received echo-protocol
New connection
Received echo-protocol
New connection
Received echo-protocol
New connection
Received echo-protocol
Connection closed
New connection
Received echo-protocol
Connection closed
New connection
Received echo-protocol
New connection
Received echo-protocol
Connection closed
New connection
Received echo-protocol
Connection closed
Connection closed
New connection
Received echo-protocol
Connection closed
Connection closed
Connection closed
Connection closed

events.js:72
        throw er; // Unhandled 'error' event
              ^
Error: read ECONNRESET
    at errnoException (net.js:905:11)
    at TCP.onread (net.js:559:19)
New connection
Received echo-protocol
New connection
Received echo-protocol
